{"C:\\Users\\HP\\Desktop\\Edviron\\Backend\\server.js": {"path":"C:\\Users\\HP\\Desktop\\Edviron\\Backend\\server.js","statementMap":{"0":{"start":{"line":2,"column":16},"end":{"line":2,"column":34}},"1":{"start":{"line":3,"column":13},"end":{"line":3,"column":28}},"2":{"start":{"line":4,"column":15},"end":{"line":4,"column":32}},"3":{"start":{"line":5,"column":18},"end":{"line":5,"column":47}},"4":{"start":{"line":6,"column":0},"end":{"line":6,"column":27}},"5":{"start":{"line":7,"column":18},"end":{"line":7,"column":40}},"6":{"start":{"line":8,"column":21},"end":{"line":8,"column":57}},"7":{"start":{"line":9,"column":15},"end":{"line":9,"column":40}},"8":{"start":{"line":12,"column":19},"end":{"line":12,"column":43}},"9":{"start":{"line":13,"column":22},"end":{"line":13,"column":50}},"10":{"start":{"line":14,"column":26},"end":{"line":14,"column":58}},"11":{"start":{"line":15,"column":22},"end":{"line":15,"column":50}},"12":{"start":{"line":17,"column":12},"end":{"line":17,"column":21}},"13":{"start":{"line":20,"column":0},"end":{"line":22,"column":1}},"14":{"start":{"line":21,"column":2},"end":{"line":21,"column":14}},"15":{"start":{"line":25,"column":0},"end":{"line":25,"column":18}},"16":{"start":{"line":26,"column":0},"end":{"line":26,"column":98}},"17":{"start":{"line":27,"column":0},"end":{"line":31,"column":4}},"18":{"start":{"line":32,"column":0},"end":{"line":32,"column":41}},"19":{"start":{"line":33,"column":0},"end":{"line":33,"column":63}},"20":{"start":{"line":36,"column":0},"end":{"line":39,"column":3}},"21":{"start":{"line":37,"column":2},"end":{"line":37,"column":55}},"22":{"start":{"line":38,"column":2},"end":{"line":38,"column":9}},"23":{"start":{"line":42,"column":0},"end":{"line":42,"column":33}},"24":{"start":{"line":43,"column":0},"end":{"line":43,"column":40}},"25":{"start":{"line":44,"column":0},"end":{"line":44,"column":48}},"26":{"start":{"line":45,"column":0},"end":{"line":45,"column":40}},"27":{"start":{"line":48,"column":0},"end":{"line":50,"column":3}},"28":{"start":{"line":49,"column":2},"end":{"line":49,"column":78}},"29":{"start":{"line":53,"column":0},"end":{"line":55,"column":3}},"30":{"start":{"line":54,"column":2},"end":{"line":54,"column":90}},"31":{"start":{"line":58,"column":0},"end":{"line":58,"column":22}},"32":{"start":{"line":61,"column":0},"end":{"line":61,"column":21}},"33":{"start":{"line":64,"column":0},"end":{"line":78,"column":1}},"34":{"start":{"line":65,"column":15},"end":{"line":65,"column":39}},"35":{"start":{"line":66,"column":17},"end":{"line":69,"column":4}},"36":{"start":{"line":67,"column":4},"end":{"line":67,"column":82}},"37":{"start":{"line":68,"column":4},"end":{"line":68,"column":61}},"38":{"start":{"line":72,"column":2},"end":{"line":77,"column":5}},"39":{"start":{"line":73,"column":4},"end":{"line":76,"column":7}},"40":{"start":{"line":74,"column":6},"end":{"line":74,"column":66}},"41":{"start":{"line":75,"column":6},"end":{"line":75,"column":60}},"42":{"start":{"line":75,"column":25},"end":{"line":75,"column":58}}},"fnMap":{"0":{"name":"(anonymous_0)","decl":{"start":{"line":36,"column":8},"end":{"line":36,"column":9}},"loc":{"start":{"line":36,"column":28},"end":{"line":39,"column":1}},"line":36},"1":{"name":"(anonymous_1)","decl":{"start":{"line":48,"column":13},"end":{"line":48,"column":14}},"loc":{"start":{"line":48,"column":27},"end":{"line":50,"column":1}},"line":48},"2":{"name":"(anonymous_2)","decl":{"start":{"line":53,"column":13},"end":{"line":53,"column":14}},"loc":{"start":{"line":53,"column":27},"end":{"line":55,"column":1}},"line":53},"3":{"name":"(anonymous_3)","decl":{"start":{"line":66,"column":34},"end":{"line":66,"column":35}},"loc":{"start":{"line":66,"column":40},"end":{"line":69,"column":3}},"line":66},"4":{"name":"(anonymous_4)","decl":{"start":{"line":72,"column":32},"end":{"line":72,"column":33}},"loc":{"start":{"line":72,"column":42},"end":{"line":77,"column":3}},"line":72},"5":{"name":"(anonymous_5)","decl":{"start":{"line":73,"column":23},"end":{"line":73,"column":24}},"loc":{"start":{"line":73,"column":29},"end":{"line":76,"column":5}},"line":73},"6":{"name":"(anonymous_6)","decl":{"start":{"line":75,"column":19},"end":{"line":75,"column":20}},"loc":{"start":{"line":75,"column":25},"end":{"line":75,"column":58}},"line":75}},"branchMap":{"0":{"loc":{"start":{"line":20,"column":0},"end":{"line":22,"column":1}},"type":"if","locations":[{"start":{"line":20,"column":0},"end":{"line":22,"column":1}},{"start":{},"end":{}}],"line":20},"1":{"loc":{"start":{"line":26,"column":23},"end":{"line":26,"column":74}},"type":"binary-expr","locations":[{"start":{"line":26,"column":23},"end":{"line":26,"column":47}},{"start":{"line":26,"column":51},"end":{"line":26,"column":74}}],"line":26},"2":{"loc":{"start":{"line":64,"column":0},"end":{"line":78,"column":1}},"type":"if","locations":[{"start":{"line":64,"column":0},"end":{"line":78,"column":1}},{"start":{},"end":{}}],"line":64},"3":{"loc":{"start":{"line":65,"column":15},"end":{"line":65,"column":39}},"type":"binary-expr","locations":[{"start":{"line":65,"column":15},"end":{"line":65,"column":31}},{"start":{"line":65,"column":35},"end":{"line":65,"column":39}}],"line":65}},"s":{"0":1,"1":1,"2":1,"3":1,"4":1,"5":1,"6":1,"7":1,"8":1,"9":1,"10":1,"11":1,"12":1,"13":1,"14":0,"15":1,"16":1,"17":1,"18":1,"19":1,"20":1,"21":3,"22":3,"23":1,"24":1,"25":1,"26":1,"27":1,"28":0,"29":1,"30":0,"31":1,"32":1,"33":1,"34":0,"35":0,"36":0,"37":0,"38":0,"39":0,"40":0,"41":0,"42":0},"f":{"0":3,"1":0,"2":0,"3":0,"4":0,"5":0,"6":0},"b":{"0":[0,1],"1":[1,0],"2":[0,1],"3":[0,0]},"_coverageSchema":"1a1c01bbd47fc00a2c39e90264f33305004495a9","hash":"98a567a8be3db09a907767ea5a1670f91f9188b4"}
,"C:\\Users\\HP\\Desktop\\Edviron\\Backend\\config\\db.js": {"path":"C:\\Users\\HP\\Desktop\\Edviron\\Backend\\config\\db.js","statementMap":{"0":{"start":{"line":1,"column":17},"end":{"line":1,"column":36}},"1":{"start":{"line":3,"column":2},"end":{"line":8,"column":3}},"2":{"start":{"line":4,"column":4},"end":{"line":4,"column":52}},"3":{"start":{"line":5,"column":4},"end":{"line":5,"column":55}},"4":{"start":{"line":7,"column":4},"end":{"line":7,"column":23}},"5":{"start":{"line":10,"column":0},"end":{"line":10,"column":27}}},"fnMap":{"0":{"name":"connectDB","decl":{"start":{"line":2,"column":15},"end":{"line":2,"column":24}},"loc":{"start":{"line":2,"column":27},"end":{"line":9,"column":1}},"line":2}},"branchMap":{},"s":{"0":1,"1":0,"2":0,"3":0,"4":0,"5":1},"f":{"0":0},"b":{},"_coverageSchema":"1a1c01bbd47fc00a2c39e90264f33305004495a9","hash":"08777f98dfdea66213ae922bb7499ecd16281b72"}
,"C:\\Users\\HP\\Desktop\\Edviron\\Backend\\controllers\\authController.js": {"path":"C:\\Users\\HP\\Desktop\\Edviron\\Backend\\controllers\\authController.js","statementMap":{"0":{"start":{"line":1,"column":13},"end":{"line":1,"column":38}},"1":{"start":{"line":2,"column":12},"end":{"line":2,"column":35}},"2":{"start":{"line":3,"column":29},"end":{"line":3,"column":57}},"3":{"start":{"line":6,"column":22},"end":{"line":8,"column":1}},"4":{"start":{"line":7,"column":2},"end":{"line":7,"column":89}},"5":{"start":{"line":11,"column":0},"end":{"line":30,"column":2}},"6":{"start":{"line":12,"column":17},"end":{"line":12,"column":38}},"7":{"start":{"line":13,"column":2},"end":{"line":13,"column":81}},"8":{"start":{"line":13,"column":25},"end":{"line":13,"column":81}},"9":{"start":{"line":15,"column":42},"end":{"line":15,"column":50}},"10":{"start":{"line":17,"column":2},"end":{"line":29,"column":3}},"11":{"start":{"line":18,"column":15},"end":{"line":18,"column":44}},"12":{"start":{"line":19,"column":4},"end":{"line":19,"column":78}},"13":{"start":{"line":19,"column":14},"end":{"line":19,"column":78}},"14":{"start":{"line":21,"column":4},"end":{"line":21,"column":53}},"15":{"start":{"line":22,"column":4},"end":{"line":22,"column":22}},"16":{"start":{"line":24,"column":18},"end":{"line":24,"column":41}},"17":{"start":{"line":25,"column":4},"end":{"line":25,"column":42}},"18":{"start":{"line":27,"column":4},"end":{"line":27,"column":23}},"19":{"start":{"line":28,"column":4},"end":{"line":28,"column":54}},"20":{"start":{"line":33,"column":0},"end":{"line":52,"column":2}},"21":{"start":{"line":34,"column":17},"end":{"line":34,"column":38}},"22":{"start":{"line":35,"column":2},"end":{"line":35,"column":81}},"23":{"start":{"line":35,"column":25},"end":{"line":35,"column":81}},"24":{"start":{"line":37,"column":30},"end":{"line":37,"column":38}},"25":{"start":{"line":39,"column":2},"end":{"line":51,"column":3}},"26":{"start":{"line":40,"column":17},"end":{"line":40,"column":46}},"27":{"start":{"line":41,"column":4},"end":{"line":41,"column":79}},"28":{"start":{"line":41,"column":15},"end":{"line":41,"column":79}},"29":{"start":{"line":43,"column":20},"end":{"line":43,"column":56}},"30":{"start":{"line":44,"column":4},"end":{"line":44,"column":82}},"31":{"start":{"line":44,"column":18},"end":{"line":44,"column":82}},"32":{"start":{"line":46,"column":18},"end":{"line":46,"column":41}},"33":{"start":{"line":47,"column":4},"end":{"line":47,"column":42}},"34":{"start":{"line":49,"column":4},"end":{"line":49,"column":23}},"35":{"start":{"line":50,"column":4},"end":{"line":50,"column":54}}},"fnMap":{"0":{"name":"(anonymous_0)","decl":{"start":{"line":6,"column":22},"end":{"line":6,"column":23}},"loc":{"start":{"line":6,"column":30},"end":{"line":8,"column":1}},"line":6},"1":{"name":"(anonymous_1)","decl":{"start":{"line":11,"column":19},"end":{"line":11,"column":20}},"loc":{"start":{"line":11,"column":39},"end":{"line":30,"column":1}},"line":11},"2":{"name":"(anonymous_2)","decl":{"start":{"line":33,"column":16},"end":{"line":33,"column":17}},"loc":{"start":{"line":33,"column":36},"end":{"line":52,"column":1}},"line":33}},"branchMap":{"0":{"loc":{"start":{"line":13,"column":2},"end":{"line":13,"column":81}},"type":"if","locations":[{"start":{"line":13,"column":2},"end":{"line":13,"column":81}},{"start":{},"end":{}}],"line":13},"1":{"loc":{"start":{"line":19,"column":4},"end":{"line":19,"column":78}},"type":"if","locations":[{"start":{"line":19,"column":4},"end":{"line":19,"column":78}},{"start":{},"end":{}}],"line":19},"2":{"loc":{"start":{"line":35,"column":2},"end":{"line":35,"column":81}},"type":"if","locations":[{"start":{"line":35,"column":2},"end":{"line":35,"column":81}},{"start":{},"end":{}}],"line":35},"3":{"loc":{"start":{"line":41,"column":4},"end":{"line":41,"column":79}},"type":"if","locations":[{"start":{"line":41,"column":4},"end":{"line":41,"column":79}},{"start":{},"end":{}}],"line":41},"4":{"loc":{"start":{"line":44,"column":4},"end":{"line":44,"column":82}},"type":"if","locations":[{"start":{"line":44,"column":4},"end":{"line":44,"column":82}},{"start":{},"end":{}}],"line":44}},"s":{"0":1,"1":1,"2":1,"3":1,"4":0,"5":1,"6":0,"7":0,"8":0,"9":0,"10":0,"11":0,"12":0,"13":0,"14":0,"15":0,"16":0,"17":0,"18":0,"19":0,"20":1,"21":0,"22":0,"23":0,"24":0,"25":0,"26":0,"27":0,"28":0,"29":0,"30":0,"31":0,"32":0,"33":0,"34":0,"35":0},"f":{"0":0,"1":0,"2":0},"b":{"0":[0,0],"1":[0,0],"2":[0,0],"3":[0,0],"4":[0,0]},"_coverageSchema":"1a1c01bbd47fc00a2c39e90264f33305004495a9","hash":"abd60ff7b740cd894dc3f83cc21ac711ee6377dd"}
,"C:\\Users\\HP\\Desktop\\Edviron\\Backend\\controllers\\paymentController.js": {"path":"C:\\Users\\HP\\Desktop\\Edviron\\Backend\\controllers\\paymentController.js","statementMap":{"0":{"start":{"line":1,"column":14},"end":{"line":1,"column":40}},"1":{"start":{"line":2,"column":20},"end":{"line":2,"column":52}},"2":{"start":{"line":3,"column":14},"end":{"line":3,"column":30}},"3":{"start":{"line":4,"column":12},"end":{"line":4,"column":35}},"4":{"start":{"line":7,"column":0},"end":{"line":18,"column":2}},"5":{"start":{"line":8,"column":78},"end":{"line":8,"column":86}},"6":{"start":{"line":10,"column":2},"end":{"line":17,"column":3}},"7":{"start":{"line":11,"column":18},"end":{"line":11,"column":96}},"8":{"start":{"line":12,"column":4},"end":{"line":12,"column":23}},"9":{"start":{"line":13,"column":4},"end":{"line":13,"column":36}},"10":{"start":{"line":15,"column":4},"end":{"line":15,"column":23}},"11":{"start":{"line":16,"column":4},"end":{"line":16,"column":54}},"12":{"start":{"line":21,"column":0},"end":{"line":43,"column":2}},"13":{"start":{"line":22,"column":105},"end":{"line":22,"column":113}},"14":{"start":{"line":24,"column":2},"end":{"line":42,"column":3}},"15":{"start":{"line":25,"column":24},"end":{"line":33,"column":6}},"16":{"start":{"line":34,"column":4},"end":{"line":34,"column":29}},"17":{"start":{"line":37,"column":4},"end":{"line":37,"column":55}},"18":{"start":{"line":38,"column":4},"end":{"line":38,"column":75}},"19":{"start":{"line":40,"column":4},"end":{"line":40,"column":23}},"20":{"start":{"line":41,"column":4},"end":{"line":41,"column":54}},"21":{"start":{"line":46,"column":0},"end":{"line":55,"column":2}},"22":{"start":{"line":47,"column":20},"end":{"line":47,"column":39}},"23":{"start":{"line":48,"column":2},"end":{"line":54,"column":3}},"24":{"start":{"line":49,"column":19},"end":{"line":49,"column":87}},"25":{"start":{"line":50,"column":4},"end":{"line":50,"column":37}},"26":{"start":{"line":52,"column":4},"end":{"line":52,"column":23}},"27":{"start":{"line":53,"column":4},"end":{"line":53,"column":54}},"28":{"start":{"line":58,"column":0},"end":{"line":132,"column":2}},"29":{"start":{"line":59,"column":67},"end":{"line":59,"column":75}},"30":{"start":{"line":61,"column":2},"end":{"line":131,"column":3}},"31":{"start":{"line":63,"column":18},"end":{"line":69,"column":6}},"32":{"start":{"line":70,"column":4},"end":{"line":70,"column":23}},"33":{"start":{"line":73,"column":20},"end":{"line":85,"column":5}},"34":{"start":{"line":88,"column":19},"end":{"line":88,"column":203}},"35":{"start":{"line":89,"column":22},"end":{"line":89,"column":47}},"36":{"start":{"line":92,"column":21},"end":{"line":100,"column":6}},"37":{"start":{"line":103,"column":4},"end":{"line":108,"column":7}},"38":{"start":{"line":110,"column":4},"end":{"line":116,"column":7}},"39":{"start":{"line":119,"column":4},"end":{"line":119,"column":84}},"40":{"start":{"line":122,"column":4},"end":{"line":124,"column":5}},"41":{"start":{"line":123,"column":6},"end":{"line":123,"column":69}},"42":{"start":{"line":126,"column":4},"end":{"line":130,"column":7}}},"fnMap":{"0":{"name":"(anonymous_0)","decl":{"start":{"line":7,"column":22},"end":{"line":7,"column":23}},"loc":{"start":{"line":7,"column":42},"end":{"line":18,"column":1}},"line":7},"1":{"name":"(anonymous_1)","decl":{"start":{"line":21,"column":28},"end":{"line":21,"column":29}},"loc":{"start":{"line":21,"column":48},"end":{"line":43,"column":1}},"line":21},"2":{"name":"(anonymous_2)","decl":{"start":{"line":46,"column":28},"end":{"line":46,"column":29}},"loc":{"start":{"line":46,"column":48},"end":{"line":55,"column":1}},"line":46},"3":{"name":"(anonymous_3)","decl":{"start":{"line":58,"column":24},"end":{"line":58,"column":25}},"loc":{"start":{"line":58,"column":44},"end":{"line":132,"column":1}},"line":58}},"branchMap":{"0":{"loc":{"start":{"line":59,"column":38},"end":{"line":59,"column":62}},"type":"default-arg","locations":[{"start":{"line":59,"column":53},"end":{"line":59,"column":62}}],"line":59},"1":{"loc":{"start":{"line":74,"column":18},"end":{"line":74,"column":51}},"type":"binary-expr","locations":[{"start":{"line":74,"column":18},"end":{"line":74,"column":36}},{"start":{"line":74,"column":40},"end":{"line":74,"column":51}}],"line":74},"2":{"loc":{"start":{"line":78,"column":22},"end":{"line":78,"column":73}},"type":"binary-expr","locations":[{"start":{"line":78,"column":22},"end":{"line":78,"column":46}},{"start":{"line":78,"column":50},"end":{"line":78,"column":73}}],"line":78},"3":{"loc":{"start":{"line":80,"column":22},"end":{"line":80,"column":72}},"type":"binary-expr","locations":[{"start":{"line":80,"column":22},"end":{"line":80,"column":45}},{"start":{"line":80,"column":49},"end":{"line":80,"column":72}}],"line":80},"4":{"loc":{"start":{"line":81,"column":20},"end":{"line":81,"column":54}},"type":"binary-expr","locations":[{"start":{"line":81,"column":20},"end":{"line":81,"column":38}},{"start":{"line":81,"column":42},"end":{"line":81,"column":54}}],"line":81},"5":{"loc":{"start":{"line":88,"column":19},"end":{"line":88,"column":203}},"type":"binary-expr","locations":[{"start":{"line":88,"column":19},"end":{"line":88,"column":38}},{"start":{"line":88,"column":42},"end":{"line":88,"column":203}}],"line":88},"6":{"loc":{"start":{"line":119,"column":45},"end":{"line":119,"column":82}},"type":"binary-expr","locations":[{"start":{"line":119,"column":45},"end":{"line":119,"column":65}},{"start":{"line":119,"column":69},"end":{"line":119,"column":82}}],"line":119},"7":{"loc":{"start":{"line":122,"column":4},"end":{"line":124,"column":5}},"type":"if","locations":[{"start":{"line":122,"column":4},"end":{"line":124,"column":5}},{"start":{},"end":{}}],"line":122},"8":{"loc":{"start":{"line":129,"column":13},"end":{"line":129,"column":59}},"type":"binary-expr","locations":[{"start":{"line":129,"column":13},"end":{"line":129,"column":42}},{"start":{"line":129,"column":46},"end":{"line":129,"column":59}}],"line":129}},"s":{"0":1,"1":1,"2":1,"3":1,"4":1,"5":0,"6":0,"7":0,"8":0,"9":0,"10":0,"11":0,"12":1,"13":0,"14":0,"15":0,"16":0,"17":0,"18":0,"19":0,"20":0,"21":1,"22":0,"23":0,"24":0,"25":0,"26":0,"27":0,"28":1,"29":1,"30":1,"31":1,"32":1,"33":1,"34":1,"35":1,"36":1,"37":1,"38":1,"39":0,"40":0,"41":0,"42":0},"f":{"0":0,"1":0,"2":0,"3":1},"b":{"0":[0],"1":[1,0],"2":[1,0],"3":[1,0],"4":[1,0],"5":[1,0],"6":[0,0],"7":[0,0],"8":[0,0]},"_coverageSchema":"1a1c01bbd47fc00a2c39e90264f33305004495a9","hash":"55988b8723eddfbf0368a18490f5534fd8d93e37"}
,"C:\\Users\\HP\\Desktop\\Edviron\\Backend\\controllers\\transactionController.js": {"path":"C:\\Users\\HP\\Desktop\\Edviron\\Backend\\controllers\\transactionController.js","statementMap":{"0":{"start":{"line":1,"column":14},"end":{"line":1,"column":40}},"1":{"start":{"line":2,"column":20},"end":{"line":2,"column":52}},"2":{"start":{"line":5,"column":0},"end":{"line":99,"column":2}},"3":{"start":{"line":6,"column":2},"end":{"line":98,"column":3}},"4":{"start":{"line":15,"column":8},"end":{"line":15,"column":17}},"5":{"start":{"line":18,"column":21},"end":{"line":48,"column":5}},"6":{"start":{"line":51,"column":23},"end":{"line":51,"column":25}},"7":{"start":{"line":52,"column":4},"end":{"line":52,"column":58}},"8":{"start":{"line":52,"column":16},"end":{"line":52,"column":58}},"9":{"start":{"line":53,"column":4},"end":{"line":53,"column":46}},"10":{"start":{"line":53,"column":17},"end":{"line":53,"column":46}},"11":{"start":{"line":54,"column":4},"end":{"line":54,"column":52}},"12":{"start":{"line":54,"column":19},"end":{"line":54,"column":52}},"13":{"start":{"line":56,"column":4},"end":{"line":58,"column":5}},"14":{"start":{"line":57,"column":6},"end":{"line":57,"column":47}},"15":{"start":{"line":61,"column":22},"end":{"line":61,"column":24}},"16":{"start":{"line":62,"column":4},"end":{"line":62,"column":48}},"17":{"start":{"line":63,"column":4},"end":{"line":63,"column":40}},"18":{"start":{"line":66,"column":4},"end":{"line":69,"column":6}},"19":{"start":{"line":71,"column":25},"end":{"line":71,"column":56}},"20":{"start":{"line":74,"column":26},"end":{"line":74,"column":39}},"21":{"start":{"line":75,"column":4},"end":{"line":75,"column":29}},"22":{"start":{"line":76,"column":4},"end":{"line":76,"column":44}},"23":{"start":{"line":78,"column":24},"end":{"line":78,"column":60}},"24":{"start":{"line":79,"column":18},"end":{"line":79,"column":44}},"25":{"start":{"line":81,"column":4},"end":{"line":90,"column":7}},"26":{"start":{"line":92,"column":4},"end":{"line":92,"column":55}},"27":{"start":{"line":93,"column":4},"end":{"line":97,"column":7}},"28":{"start":{"line":102,"column":0},"end":{"line":165,"column":2}},"29":{"start":{"line":103,"column":2},"end":{"line":164,"column":3}},"30":{"start":{"line":104,"column":25},"end":{"line":104,"column":35}},"31":{"start":{"line":110,"column":8},"end":{"line":110,"column":17}},"32":{"start":{"line":112,"column":25},"end":{"line":146,"column":6}},"33":{"start":{"line":148,"column":4},"end":{"line":156,"column":7}},"34":{"start":{"line":158,"column":4},"end":{"line":158,"column":62}},"35":{"start":{"line":159,"column":4},"end":{"line":163,"column":7}},"36":{"start":{"line":168,"column":0},"end":{"line":207,"column":2}},"37":{"start":{"line":169,"column":2},"end":{"line":206,"column":3}},"38":{"start":{"line":170,"column":32},"end":{"line":170,"column":42}},"39":{"start":{"line":172,"column":18},"end":{"line":172,"column":58}},"40":{"start":{"line":173,"column":4},"end":{"line":178,"column":5}},"41":{"start":{"line":174,"column":6},"end":{"line":177,"column":9}},"42":{"start":{"line":180,"column":24},"end":{"line":180,"column":76}},"43":{"start":{"line":182,"column":4},"end":{"line":198,"column":7}},"44":{"start":{"line":200,"column":4},"end":{"line":200,"column":61}},"45":{"start":{"line":201,"column":4},"end":{"line":205,"column":7}},"46":{"start":{"line":210,"column":0},"end":{"line":265,"column":2}},"47":{"start":{"line":211,"column":2},"end":{"line":264,"column":3}},"48":{"start":{"line":212,"column":18},"end":{"line":244,"column":6}},"49":{"start":{"line":246,"column":4},"end":{"line":256,"column":7}},"50":{"start":{"line":258,"column":4},"end":{"line":258,"column":60}},"51":{"start":{"line":259,"column":4},"end":{"line":263,"column":7}}},"fnMap":{"0":{"name":"(anonymous_0)","decl":{"start":{"line":5,"column":29},"end":{"line":5,"column":30}},"loc":{"start":{"line":5,"column":49},"end":{"line":99,"column":1}},"line":5},"1":{"name":"(anonymous_1)","decl":{"start":{"line":102,"column":34},"end":{"line":102,"column":35}},"loc":{"start":{"line":102,"column":54},"end":{"line":165,"column":1}},"line":102},"2":{"name":"(anonymous_2)","decl":{"start":{"line":168,"column":31},"end":{"line":168,"column":32}},"loc":{"start":{"line":168,"column":51},"end":{"line":207,"column":1}},"line":168},"3":{"name":"(anonymous_3)","decl":{"start":{"line":210,"column":30},"end":{"line":210,"column":31}},"loc":{"start":{"line":210,"column":50},"end":{"line":265,"column":1}},"line":210}},"branchMap":{"0":{"loc":{"start":{"line":8,"column":6},"end":{"line":8,"column":14}},"type":"default-arg","locations":[{"start":{"line":8,"column":13},"end":{"line":8,"column":14}}],"line":8},"1":{"loc":{"start":{"line":9,"column":6},"end":{"line":9,"column":16}},"type":"default-arg","locations":[{"start":{"line":9,"column":14},"end":{"line":9,"column":16}}],"line":9},"2":{"loc":{"start":{"line":10,"column":6},"end":{"line":10,"column":24}},"type":"default-arg","locations":[{"start":{"line":10,"column":13},"end":{"line":10,"column":24}}],"line":10},"3":{"loc":{"start":{"line":11,"column":6},"end":{"line":11,"column":20}},"type":"default-arg","locations":[{"start":{"line":11,"column":14},"end":{"line":11,"column":20}}],"line":11},"4":{"loc":{"start":{"line":52,"column":4},"end":{"line":52,"column":58}},"type":"if","locations":[{"start":{"line":52,"column":4},"end":{"line":52,"column":58}},{"start":{},"end":{}}],"line":52},"5":{"loc":{"start":{"line":53,"column":4},"end":{"line":53,"column":46}},"type":"if","locations":[{"start":{"line":53,"column":4},"end":{"line":53,"column":46}},{"start":{},"end":{}}],"line":53},"6":{"loc":{"start":{"line":54,"column":4},"end":{"line":54,"column":52}},"type":"if","locations":[{"start":{"line":54,"column":4},"end":{"line":54,"column":52}},{"start":{},"end":{}}],"line":54},"7":{"loc":{"start":{"line":56,"column":4},"end":{"line":58,"column":5}},"type":"if","locations":[{"start":{"line":56,"column":4},"end":{"line":58,"column":5}},{"start":{},"end":{}}],"line":56},"8":{"loc":{"start":{"line":62,"column":22},"end":{"line":62,"column":47}},"type":"cond-expr","locations":[{"start":{"line":62,"column":41},"end":{"line":62,"column":43}},{"start":{"line":62,"column":46},"end":{"line":62,"column":47}}],"line":62},"9":{"loc":{"start":{"line":79,"column":18},"end":{"line":79,"column":44}},"type":"binary-expr","locations":[{"start":{"line":79,"column":18},"end":{"line":79,"column":39}},{"start":{"line":79,"column":43},"end":{"line":79,"column":44}}],"line":79},"10":{"loc":{"start":{"line":106,"column":6},"end":{"line":106,"column":14}},"type":"default-arg","locations":[{"start":{"line":106,"column":13},"end":{"line":106,"column":14}}],"line":106},"11":{"loc":{"start":{"line":107,"column":6},"end":{"line":107,"column":16}},"type":"default-arg","locations":[{"start":{"line":107,"column":14},"end":{"line":107,"column":16}}],"line":107},"12":{"loc":{"start":{"line":108,"column":6},"end":{"line":108,"column":24}},"type":"default-arg","locations":[{"start":{"line":108,"column":13},"end":{"line":108,"column":24}}],"line":108},"13":{"loc":{"start":{"line":109,"column":6},"end":{"line":109,"column":20}},"type":"default-arg","locations":[{"start":{"line":109,"column":14},"end":{"line":109,"column":20}}],"line":109},"14":{"loc":{"start":{"line":143,"column":25},"end":{"line":143,"column":50}},"type":"cond-expr","locations":[{"start":{"line":143,"column":44},"end":{"line":143,"column":46}},{"start":{"line":143,"column":49},"end":{"line":143,"column":50}}],"line":143},"15":{"loc":{"start":{"line":173,"column":4},"end":{"line":178,"column":5}},"type":"if","locations":[{"start":{"line":173,"column":4},"end":{"line":178,"column":5}},{"start":{},"end":{}}],"line":173},"16":{"loc":{"start":{"line":189,"column":16},"end":{"line":189,"column":48}},"type":"binary-expr","locations":[{"start":{"line":189,"column":16},"end":{"line":189,"column":35}},{"start":{"line":189,"column":39},"end":{"line":189,"column":48}}],"line":189},"17":{"loc":{"start":{"line":248,"column":13},"end":{"line":255,"column":7}},"type":"binary-expr","locations":[{"start":{"line":248,"column":13},"end":{"line":248,"column":21}},{"start":{"line":248,"column":25},"end":{"line":255,"column":7}}],"line":248}},"s":{"0":1,"1":1,"2":1,"3":0,"4":0,"5":0,"6":0,"7":0,"8":0,"9":0,"10":0,"11":0,"12":0,"13":0,"14":0,"15":0,"16":0,"17":0,"18":0,"19":0,"20":0,"21":0,"22":0,"23":0,"24":0,"25":0,"26":0,"27":0,"28":1,"29":0,"30":0,"31":0,"32":0,"33":0,"34":0,"35":0,"36":1,"37":0,"38":0,"39":0,"40":0,"41":0,"42":0,"43":0,"44":0,"45":0,"46":1,"47":0,"48":0,"49":0,"50":0,"51":0},"f":{"0":0,"1":0,"2":0,"3":0},"b":{"0":[0],"1":[0],"2":[0],"3":[0],"4":[0,0],"5":[0,0],"6":[0,0],"7":[0,0],"8":[0,0],"9":[0,0],"10":[0],"11":[0],"12":[0],"13":[0],"14":[0,0],"15":[0,0],"16":[0,0],"17":[0,0]},"_coverageSchema":"1a1c01bbd47fc00a2c39e90264f33305004495a9","hash":"0327c30df8a87d05d4d48fd24731a5dc75d0d790"}
,"C:\\Users\\HP\\Desktop\\Edviron\\Backend\\controllers\\webhookController.js": {"path":"C:\\Users\\HP\\Desktop\\Edviron\\Backend\\controllers\\webhookController.js","statementMap":{"0":{"start":{"line":1,"column":20},"end":{"line":1,"column":52}},"1":{"start":{"line":2,"column":20},"end":{"line":2,"column":52}},"2":{"start":{"line":3,"column":14},"end":{"line":3,"column":40}},"3":{"start":{"line":5,"column":0},"end":{"line":71,"column":2}},"4":{"start":{"line":6,"column":18},"end":{"line":6,"column":26}},"5":{"start":{"line":8,"column":2},"end":{"line":70,"column":3}},"6":{"start":{"line":10,"column":16},"end":{"line":17,"column":6}},"7":{"start":{"line":18,"column":4},"end":{"line":18,"column":21}},"8":{"start":{"line":21,"column":4},"end":{"line":57,"column":5}},"9":{"start":{"line":22,"column":29},"end":{"line":22,"column":36}},"10":{"start":{"line":25,"column":18},"end":{"line":25,"column":79}},"11":{"start":{"line":26,"column":6},"end":{"line":28,"column":7}},"12":{"start":{"line":27,"column":8},"end":{"line":27,"column":58}},"13":{"start":{"line":30,"column":6},"end":{"line":56,"column":7}},"14":{"start":{"line":32,"column":32},"end":{"line":44,"column":9}},"15":{"start":{"line":46,"column":8},"end":{"line":50,"column":10}},"16":{"start":{"line":53,"column":8},"end":{"line":55,"column":11}},"17":{"start":{"line":59,"column":4},"end":{"line":62,"column":7}},"18":{"start":{"line":64,"column":4},"end":{"line":64,"column":41}},"19":{"start":{"line":65,"column":4},"end":{"line":69,"column":7}}},"fnMap":{"0":{"name":"(anonymous_0)","decl":{"start":{"line":5,"column":24},"end":{"line":5,"column":25}},"loc":{"start":{"line":5,"column":44},"end":{"line":71,"column":1}},"line":5}},"branchMap":{"0":{"loc":{"start":{"line":11,"column":18},"end":{"line":11,"column":71}},"type":"binary-expr","locations":[{"start":{"line":11,"column":18},"end":{"line":11,"column":46}},{"start":{"line":11,"column":50},"end":{"line":11,"column":71}}],"line":11},"1":{"loc":{"start":{"line":16,"column":19},"end":{"line":16,"column":40}},"type":"binary-expr","locations":[{"start":{"line":16,"column":19},"end":{"line":16,"column":33}},{"start":{"line":16,"column":37},"end":{"line":16,"column":40}}],"line":16},"2":{"loc":{"start":{"line":21,"column":4},"end":{"line":57,"column":5}},"type":"if","locations":[{"start":{"line":21,"column":4},"end":{"line":57,"column":5}},{"start":{},"end":{}}],"line":21},"3":{"loc":{"start":{"line":26,"column":6},"end":{"line":28,"column":7}},"type":"if","locations":[{"start":{"line":26,"column":6},"end":{"line":28,"column":7}},{"start":{},"end":{}}],"line":26},"4":{"loc":{"start":{"line":30,"column":6},"end":{"line":56,"column":7}},"type":"if","locations":[{"start":{"line":30,"column":6},"end":{"line":56,"column":7}},{"start":{},"end":{}}],"line":30},"5":{"loc":{"start":{"line":37,"column":27},"end":{"line":37,"column":83}},"type":"binary-expr","locations":[{"start":{"line":37,"column":27},"end":{"line":37,"column":53}},{"start":{"line":37,"column":57},"end":{"line":37,"column":83}}],"line":37},"6":{"loc":{"start":{"line":39,"column":27},"end":{"line":39,"column":83}},"type":"binary-expr","locations":[{"start":{"line":39,"column":27},"end":{"line":39,"column":53}},{"start":{"line":39,"column":57},"end":{"line":39,"column":83}}],"line":39},"7":{"loc":{"start":{"line":54,"column":18},"end":{"line":54,"column":74}},"type":"cond-expr","locations":[{"start":{"line":54,"column":52},"end":{"line":54,"column":63}},{"start":{"line":54,"column":66},"end":{"line":54,"column":74}}],"line":54}},"s":{"0":1,"1":1,"2":1,"3":1,"4":0,"5":0,"6":0,"7":0,"8":0,"9":0,"10":0,"11":0,"12":0,"13":0,"14":0,"15":0,"16":0,"17":0,"18":0,"19":0},"f":{"0":0},"b":{"0":[0,0],"1":[0,0],"2":[0,0],"3":[0,0],"4":[0,0],"5":[0,0],"6":[0,0],"7":[0,0]},"_coverageSchema":"1a1c01bbd47fc00a2c39e90264f33305004495a9","hash":"a2ca5841eec5ac98712f0ab1ed6536b0f2d2f87a"}
,"C:\\Users\\HP\\Desktop\\Edviron\\Backend\\middleware\\auth.js": {"path":"C:\\Users\\HP\\Desktop\\Edviron\\Backend\\middleware\\auth.js","statementMap":{"0":{"start":{"line":1,"column":12},"end":{"line":1,"column":35}},"1":{"start":{"line":2,"column":13},"end":{"line":2,"column":38}},"2":{"start":{"line":4,"column":13},"end":{"line":18,"column":1}},"3":{"start":{"line":5,"column":16},"end":{"line":5,"column":67}},"4":{"start":{"line":6,"column":2},"end":{"line":6,"column":76}},"5":{"start":{"line":6,"column":14},"end":{"line":6,"column":76}},"6":{"start":{"line":8,"column":2},"end":{"line":17,"column":3}},"7":{"start":{"line":9,"column":20},"end":{"line":9,"column":61}},"8":{"start":{"line":10,"column":17},"end":{"line":10,"column":68}},"9":{"start":{"line":11,"column":4},"end":{"line":11,"column":74}},"10":{"start":{"line":11,"column":15},"end":{"line":11,"column":74}},"11":{"start":{"line":13,"column":4},"end":{"line":13,"column":20}},"12":{"start":{"line":14,"column":4},"end":{"line":14,"column":11}},"13":{"start":{"line":16,"column":4},"end":{"line":16,"column":62}},"14":{"start":{"line":20,"column":18},"end":{"line":23,"column":1}},"15":{"start":{"line":21,"column":2},"end":{"line":21,"column":99}},"16":{"start":{"line":21,"column":33},"end":{"line":21,"column":99}},"17":{"start":{"line":22,"column":2},"end":{"line":22,"column":9}},"18":{"start":{"line":25,"column":0},"end":{"line":25,"column":37}}},"fnMap":{"0":{"name":"(anonymous_0)","decl":{"start":{"line":4,"column":13},"end":{"line":4,"column":14}},"loc":{"start":{"line":4,"column":39},"end":{"line":18,"column":1}},"line":4},"1":{"name":"(anonymous_1)","decl":{"start":{"line":20,"column":18},"end":{"line":20,"column":19}},"loc":{"start":{"line":20,"column":38},"end":{"line":23,"column":1}},"line":20}},"branchMap":{"0":{"loc":{"start":{"line":6,"column":2},"end":{"line":6,"column":76}},"type":"if","locations":[{"start":{"line":6,"column":2},"end":{"line":6,"column":76}},{"start":{},"end":{}}],"line":6},"1":{"loc":{"start":{"line":11,"column":4},"end":{"line":11,"column":74}},"type":"if","locations":[{"start":{"line":11,"column":4},"end":{"line":11,"column":74}},{"start":{},"end":{}}],"line":11},"2":{"loc":{"start":{"line":21,"column":2},"end":{"line":21,"column":99}},"type":"if","locations":[{"start":{"line":21,"column":2},"end":{"line":21,"column":99}},{"start":{},"end":{}}],"line":21}},"s":{"0":1,"1":1,"2":1,"3":3,"4":3,"5":1,"6":2,"7":2,"8":2,"9":2,"10":0,"11":2,"12":2,"13":0,"14":1,"15":0,"16":0,"17":0,"18":1},"f":{"0":3,"1":0},"b":{"0":[1,2],"1":[0,2],"2":[0,0]},"_coverageSchema":"1a1c01bbd47fc00a2c39e90264f33305004495a9","hash":"a74b4bb603dd1bf78022222c0782a636027a83d3"}
,"C:\\Users\\HP\\Desktop\\Edviron\\Backend\\middleware\\errorHandler.js": {"path":"C:\\Users\\HP\\Desktop\\Edviron\\Backend\\middleware\\errorHandler.js","statementMap":{"0":{"start":{"line":1,"column":21},"end":{"line":55,"column":1}},"1":{"start":{"line":2,"column":14},"end":{"line":2,"column":24}},"2":{"start":{"line":3,"column":2},"end":{"line":3,"column":30}},"3":{"start":{"line":6,"column":2},"end":{"line":13,"column":5}},"4":{"start":{"line":16,"column":2},"end":{"line":19,"column":3}},"5":{"start":{"line":17,"column":20},"end":{"line":17,"column":48}},"6":{"start":{"line":18,"column":4},"end":{"line":18,"column":41}},"7":{"start":{"line":22,"column":2},"end":{"line":25,"column":3}},"8":{"start":{"line":23,"column":20},"end":{"line":23,"column":51}},"9":{"start":{"line":24,"column":4},"end":{"line":24,"column":41}},"10":{"start":{"line":28,"column":2},"end":{"line":31,"column":3}},"11":{"start":{"line":29,"column":20},"end":{"line":29,"column":80}},"12":{"start":{"line":29,"column":57},"end":{"line":29,"column":68}},"13":{"start":{"line":30,"column":4},"end":{"line":30,"column":41}},"14":{"start":{"line":34,"column":2},"end":{"line":37,"column":3}},"15":{"start":{"line":35,"column":20},"end":{"line":35,"column":35}},"16":{"start":{"line":36,"column":4},"end":{"line":36,"column":41}},"17":{"start":{"line":39,"column":2},"end":{"line":42,"column":3}},"18":{"start":{"line":40,"column":20},"end":{"line":40,"column":35}},"19":{"start":{"line":41,"column":4},"end":{"line":41,"column":41}},"20":{"start":{"line":45,"column":2},"end":{"line":48,"column":3}},"21":{"start":{"line":46,"column":20},"end":{"line":46,"column":65}},"22":{"start":{"line":46,"column":44},"end":{"line":46,"column":53}},"23":{"start":{"line":47,"column":4},"end":{"line":47,"column":41}},"24":{"start":{"line":50,"column":2},"end":{"line":54,"column":5}},"25":{"start":{"line":57,"column":0},"end":{"line":57,"column":30}}},"fnMap":{"0":{"name":"(anonymous_0)","decl":{"start":{"line":1,"column":21},"end":{"line":1,"column":22}},"loc":{"start":{"line":1,"column":46},"end":{"line":55,"column":1}},"line":1},"1":{"name":"(anonymous_1)","decl":{"start":{"line":29,"column":50},"end":{"line":29,"column":51}},"loc":{"start":{"line":29,"column":57},"end":{"line":29,"column":68}},"line":29},"2":{"name":"(anonymous_2)","decl":{"start":{"line":46,"column":35},"end":{"line":46,"column":36}},"loc":{"start":{"line":46,"column":44},"end":{"line":46,"column":53}},"line":46}},"branchMap":{"0":{"loc":{"start":{"line":12,"column":10},"end":{"line":12,"column":52}},"type":"cond-expr","locations":[{"start":{"line":12,"column":21},"end":{"line":12,"column":32}},{"start":{"line":12,"column":35},"end":{"line":12,"column":52}}],"line":12},"1":{"loc":{"start":{"line":16,"column":2},"end":{"line":19,"column":3}},"type":"if","locations":[{"start":{"line":16,"column":2},"end":{"line":19,"column":3}},{"start":{},"end":{}}],"line":16},"2":{"loc":{"start":{"line":22,"column":2},"end":{"line":25,"column":3}},"type":"if","locations":[{"start":{"line":22,"column":2},"end":{"line":25,"column":3}},{"start":{},"end":{}}],"line":22},"3":{"loc":{"start":{"line":28,"column":2},"end":{"line":31,"column":3}},"type":"if","locations":[{"start":{"line":28,"column":2},"end":{"line":31,"column":3}},{"start":{},"end":{}}],"line":28},"4":{"loc":{"start":{"line":34,"column":2},"end":{"line":37,"column":3}},"type":"if","locations":[{"start":{"line":34,"column":2},"end":{"line":37,"column":3}},{"start":{},"end":{}}],"line":34},"5":{"loc":{"start":{"line":39,"column":2},"end":{"line":42,"column":3}},"type":"if","locations":[{"start":{"line":39,"column":2},"end":{"line":42,"column":3}},{"start":{},"end":{}}],"line":39},"6":{"loc":{"start":{"line":45,"column":2},"end":{"line":48,"column":3}},"type":"if","locations":[{"start":{"line":45,"column":2},"end":{"line":48,"column":3}},{"start":{},"end":{}}],"line":45},"7":{"loc":{"start":{"line":45,"column":6},"end":{"line":45,"column":45}},"type":"binary-expr","locations":[{"start":{"line":45,"column":6},"end":{"line":45,"column":16}},{"start":{"line":45,"column":20},"end":{"line":45,"column":45}}],"line":45},"8":{"loc":{"start":{"line":50,"column":13},"end":{"line":50,"column":36}},"type":"binary-expr","locations":[{"start":{"line":50,"column":13},"end":{"line":50,"column":29}},{"start":{"line":50,"column":33},"end":{"line":50,"column":36}}],"line":50},"9":{"loc":{"start":{"line":52,"column":13},"end":{"line":52,"column":44}},"type":"binary-expr","locations":[{"start":{"line":52,"column":13},"end":{"line":52,"column":26}},{"start":{"line":52,"column":30},"end":{"line":52,"column":44}}],"line":52},"10":{"loc":{"start":{"line":53,"column":8},"end":{"line":53,"column":70}},"type":"binary-expr","locations":[{"start":{"line":53,"column":8},"end":{"line":53,"column":46}},{"start":{"line":53,"column":50},"end":{"line":53,"column":70}}],"line":53}},"s":{"0":1,"1":0,"2":0,"3":0,"4":0,"5":0,"6":0,"7":0,"8":0,"9":0,"10":0,"11":0,"12":0,"13":0,"14":0,"15":0,"16":0,"17":0,"18":0,"19":0,"20":0,"21":0,"22":0,"23":0,"24":0,"25":1},"f":{"0":0,"1":0,"2":0},"b":{"0":[0,0],"1":[0,0],"2":[0,0],"3":[0,0],"4":[0,0],"5":[0,0],"6":[0,0],"7":[0,0],"8":[0,0],"9":[0,0],"10":[0,0]},"_coverageSchema":"1a1c01bbd47fc00a2c39e90264f33305004495a9","hash":"b78e0317bc29458099607ef3820f31c61cca7ac9"}
,"C:\\Users\\HP\\Desktop\\Edviron\\Backend\\middleware\\validation.js": {"path":"C:\\Users\\HP\\Desktop\\Edviron\\Backend\\middleware\\validation.js","statementMap":{"0":{"start":{"line":1,"column":29},"end":{"line":1,"column":57}},"1":{"start":{"line":3,"column":31},"end":{"line":17,"column":1}},"2":{"start":{"line":4,"column":17},"end":{"line":4,"column":38}},"3":{"start":{"line":5,"column":2},"end":{"line":15,"column":3}},"4":{"start":{"line":6,"column":4},"end":{"line":14,"column":7}},"5":{"start":{"line":9,"column":43},"end":{"line":13,"column":7}},"6":{"start":{"line":16,"column":2},"end":{"line":16,"column":9}},"7":{"start":{"line":19,"column":0},"end":{"line":19,"column":44}}},"fnMap":{"0":{"name":"(anonymous_0)","decl":{"start":{"line":3,"column":31},"end":{"line":3,"column":32}},"loc":{"start":{"line":3,"column":51},"end":{"line":17,"column":1}},"line":3},"1":{"name":"(anonymous_1)","decl":{"start":{"line":9,"column":33},"end":{"line":9,"column":34}},"loc":{"start":{"line":9,"column":43},"end":{"line":13,"column":7}},"line":9}},"branchMap":{"0":{"loc":{"start":{"line":5,"column":2},"end":{"line":15,"column":3}},"type":"if","locations":[{"start":{"line":5,"column":2},"end":{"line":15,"column":3}},{"start":{},"end":{}}],"line":5},"1":{"loc":{"start":{"line":10,"column":15},"end":{"line":10,"column":40}},"type":"binary-expr","locations":[{"start":{"line":10,"column":15},"end":{"line":10,"column":25}},{"start":{"line":10,"column":29},"end":{"line":10,"column":40}}],"line":10}},"s":{"0":1,"1":1,"2":2,"3":2,"4":1,"5":4,"6":1,"7":1},"f":{"0":2,"1":4},"b":{"0":[1,1],"1":[4,0]},"_coverageSchema":"1a1c01bbd47fc00a2c39e90264f33305004495a9","hash":"61758a97be2b341246124de0d7b286c25820d382"}
,"C:\\Users\\HP\\Desktop\\Edviron\\Backend\\models\\Order.js": {"path":"C:\\Users\\HP\\Desktop\\Edviron\\Backend\\models\\Order.js","statementMap":{"0":{"start":{"line":1,"column":17},"end":{"line":1,"column":36}},"1":{"start":{"line":3,"column":20},"end":{"line":16,"column":24}},"2":{"start":{"line":19,"column":0},"end":{"line":22,"column":3}},"3":{"start":{"line":20,"column":2},"end":{"line":20,"column":114}},"4":{"start":{"line":20,"column":29},"end":{"line":20,"column":114}},"5":{"start":{"line":21,"column":2},"end":{"line":21,"column":9}},"6":{"start":{"line":25,"column":0},"end":{"line":25,"column":36}},"7":{"start":{"line":26,"column":0},"end":{"line":26,"column":37}},"8":{"start":{"line":27,"column":0},"end":{"line":27,"column":33}},"9":{"start":{"line":28,"column":0},"end":{"line":28,"column":39}},"10":{"start":{"line":29,"column":0},"end":{"line":29,"column":37}},"11":{"start":{"line":30,"column":0},"end":{"line":30,"column":47}},"12":{"start":{"line":31,"column":0},"end":{"line":31,"column":51}},"13":{"start":{"line":33,"column":0},"end":{"line":33,"column":54}}},"fnMap":{"0":{"name":"(anonymous_0)","decl":{"start":{"line":19,"column":24},"end":{"line":19,"column":25}},"loc":{"start":{"line":19,"column":39},"end":{"line":22,"column":1}},"line":19}},"branchMap":{"0":{"loc":{"start":{"line":20,"column":2},"end":{"line":20,"column":114}},"type":"if","locations":[{"start":{"line":20,"column":2},"end":{"line":20,"column":114}},{"start":{},"end":{}}],"line":20}},"s":{"0":1,"1":1,"2":1,"3":1,"4":1,"5":1,"6":1,"7":1,"8":1,"9":1,"10":1,"11":1,"12":1,"13":1},"f":{"0":1},"b":{"0":[1,0]},"_coverageSchema":"1a1c01bbd47fc00a2c39e90264f33305004495a9","hash":"bd12bdac9ace08e2db2a588ac10f495ead3c0fc6"}
,"C:\\Users\\HP\\Desktop\\Edviron\\Backend\\models\\OrderStatus.js": {"path":"C:\\Users\\HP\\Desktop\\Edviron\\Backend\\models\\OrderStatus.js","statementMap":{"0":{"start":{"line":1,"column":17},"end":{"line":1,"column":36}},"1":{"start":{"line":3,"column":26},"end":{"line":15,"column":24}},"2":{"start":{"line":18,"column":0},"end":{"line":18,"column":43}},"3":{"start":{"line":19,"column":0},"end":{"line":19,"column":39}},"4":{"start":{"line":20,"column":0},"end":{"line":20,"column":46}},"5":{"start":{"line":21,"column":0},"end":{"line":21,"column":55}},"6":{"start":{"line":22,"column":0},"end":{"line":22,"column":54}},"7":{"start":{"line":23,"column":0},"end":{"line":23,"column":61}},"8":{"start":{"line":25,"column":0},"end":{"line":25,"column":66}}},"fnMap":{},"branchMap":{},"s":{"0":1,"1":1,"2":1,"3":1,"4":1,"5":1,"6":1,"7":1,"8":1},"f":{},"b":{},"_coverageSchema":"1a1c01bbd47fc00a2c39e90264f33305004495a9","hash":"affb2092c0ba7b0cf6a4b1420961b7e0a84d734d"}
,"C:\\Users\\HP\\Desktop\\Edviron\\Backend\\models\\School.js": {"path":"C:\\Users\\HP\\Desktop\\Edviron\\Backend\\models\\School.js","statementMap":{"0":{"start":{"line":1,"column":17},"end":{"line":1,"column":36}},"1":{"start":{"line":3,"column":21},"end":{"line":55,"column":2}},"2":{"start":{"line":58,"column":0},"end":{"line":58,"column":32}},"3":{"start":{"line":59,"column":0},"end":{"line":59,"column":41}},"4":{"start":{"line":60,"column":0},"end":{"line":60,"column":33}},"5":{"start":{"line":61,"column":0},"end":{"line":61,"column":36}},"6":{"start":{"line":63,"column":0},"end":{"line":63,"column":56}}},"fnMap":{},"branchMap":{},"s":{"0":1,"1":1,"2":1,"3":1,"4":1,"5":1,"6":1},"f":{},"b":{},"_coverageSchema":"1a1c01bbd47fc00a2c39e90264f33305004495a9","hash":"d5ad0830c43d60d2bcead5100145ea92f11b86ef"}
,"C:\\Users\\HP\\Desktop\\Edviron\\Backend\\models\\User.js": {"path":"C:\\Users\\HP\\Desktop\\Edviron\\Backend\\models\\User.js","statementMap":{"0":{"start":{"line":1,"column":17},"end":{"line":1,"column":36}},"1":{"start":{"line":2,"column":15},"end":{"line":2,"column":34}},"2":{"start":{"line":4,"column":19},"end":{"line":11,"column":24}},"3":{"start":{"line":13,"column":0},"end":{"line":17,"column":3}},"4":{"start":{"line":14,"column":2},"end":{"line":14,"column":50}},"5":{"start":{"line":14,"column":36},"end":{"line":14,"column":50}},"6":{"start":{"line":15,"column":2},"end":{"line":15,"column":55}},"7":{"start":{"line":16,"column":2},"end":{"line":16,"column":9}},"8":{"start":{"line":19,"column":0},"end":{"line":21,"column":2}},"9":{"start":{"line":20,"column":2},"end":{"line":20,"column":49}},"10":{"start":{"line":23,"column":0},"end":{"line":23,"column":52}}},"fnMap":{"0":{"name":"(anonymous_0)","decl":{"start":{"line":13,"column":23},"end":{"line":13,"column":24}},"loc":{"start":{"line":13,"column":44},"end":{"line":17,"column":1}},"line":13},"1":{"name":"(anonymous_1)","decl":{"start":{"line":19,"column":37},"end":{"line":19,"column":38}},"loc":{"start":{"line":19,"column":62},"end":{"line":21,"column":1}},"line":19}},"branchMap":{"0":{"loc":{"start":{"line":14,"column":2},"end":{"line":14,"column":50}},"type":"if","locations":[{"start":{"line":14,"column":2},"end":{"line":14,"column":50}},{"start":{},"end":{}}],"line":14}},"s":{"0":1,"1":1,"2":1,"3":1,"4":1,"5":0,"6":1,"7":1,"8":1,"9":0,"10":1},"f":{"0":1,"1":0},"b":{"0":[0,1]},"_coverageSchema":"1a1c01bbd47fc00a2c39e90264f33305004495a9","hash":"6902bddf9fed577793880764bc29febe73ede462"}
,"C:\\Users\\HP\\Desktop\\Edviron\\Backend\\models\\WebhookLogs.js": {"path":"C:\\Users\\HP\\Desktop\\Edviron\\Backend\\models\\WebhookLogs.js","statementMap":{"0":{"start":{"line":1,"column":17},"end":{"line":1,"column":36}},"1":{"start":{"line":3,"column":26},"end":{"line":13,"column":24}},"2":{"start":{"line":15,"column":0},"end":{"line":15,"column":66}}},"fnMap":{},"branchMap":{},"s":{"0":1,"1":1,"2":1},"f":{},"b":{},"_coverageSchema":"1a1c01bbd47fc00a2c39e90264f33305004495a9","hash":"5b66ad8e84ceeae02999e80c21fe9548a8572d23"}
,"C:\\Users\\HP\\Desktop\\Edviron\\Backend\\routes\\auth.js": {"path":"C:\\Users\\HP\\Desktop\\Edviron\\Backend\\routes\\auth.js","statementMap":{"0":{"start":{"line":1,"column":16},"end":{"line":1,"column":34}},"1":{"start":{"line":2,"column":15},"end":{"line":2,"column":31}},"2":{"start":{"line":3,"column":18},"end":{"line":3,"column":46}},"3":{"start":{"line":4,"column":28},"end":{"line":4,"column":68}},"4":{"start":{"line":6,"column":0},"end":{"line":10,"column":13}},"5":{"start":{"line":12,"column":0},"end":{"line":15,"column":10}},"6":{"start":{"line":17,"column":0},"end":{"line":17,"column":24}}},"fnMap":{},"branchMap":{},"s":{"0":1,"1":1,"2":1,"3":1,"4":1,"5":1,"6":1},"f":{},"b":{},"_coverageSchema":"1a1c01bbd47fc00a2c39e90264f33305004495a9","hash":"e4372d569ab880cd021c56b498e5fec690deab2c"}
,"C:\\Users\\HP\\Desktop\\Edviron\\Backend\\routes\\payments.js": {"path":"C:\\Users\\HP\\Desktop\\Edviron\\Backend\\routes\\payments.js","statementMap":{"0":{"start":{"line":1,"column":16},"end":{"line":1,"column":34}},"1":{"start":{"line":2,"column":15},"end":{"line":2,"column":31}},"2":{"start":{"line":3,"column":18},"end":{"line":3,"column":46}},"3":{"start":{"line":4,"column":77},"end":{"line":4,"column":120}},"4":{"start":{"line":5,"column":31},"end":{"line":5,"column":60}},"5":{"start":{"line":6,"column":35},"end":{"line":6,"column":70}},"6":{"start":{"line":9,"column":0},"end":{"line":16,"column":16}},"7":{"start":{"line":19,"column":0},"end":{"line":24,"column":42}},"8":{"start":{"line":27,"column":0},"end":{"line":33,"column":22}},"9":{"start":{"line":36,"column":0},"end":{"line":36,"column":72}},"10":{"start":{"line":38,"column":0},"end":{"line":38,"column":24}}},"fnMap":{},"branchMap":{},"s":{"0":1,"1":1,"2":1,"3":1,"4":1,"5":1,"6":1,"7":1,"8":1,"9":1,"10":1},"f":{},"b":{},"_coverageSchema":"1a1c01bbd47fc00a2c39e90264f33305004495a9","hash":"52349f0227b2561269907899024dd86573e7602b"}
,"C:\\Users\\HP\\Desktop\\Edviron\\Backend\\routes\\transactions.js": {"path":"C:\\Users\\HP\\Desktop\\Edviron\\Backend\\routes\\transactions.js","statementMap":{"0":{"start":{"line":1,"column":16},"end":{"line":1,"column":34}},"1":{"start":{"line":2,"column":15},"end":{"line":2,"column":31}},"2":{"start":{"line":3,"column":18},"end":{"line":3,"column":46}},"3":{"start":{"line":9,"column":4},"end":{"line":9,"column":51}},"4":{"start":{"line":10,"column":31},"end":{"line":10,"column":60}},"5":{"start":{"line":13,"column":0},"end":{"line":21,"column":23}},"6":{"start":{"line":24,"column":0},"end":{"line":30,"column":28}},"7":{"start":{"line":33,"column":0},"end":{"line":35,"column":25}},"8":{"start":{"line":38,"column":0},"end":{"line":38,"column":56}},"9":{"start":{"line":40,"column":0},"end":{"line":40,"column":24}}},"fnMap":{},"branchMap":{},"s":{"0":1,"1":1,"2":1,"3":1,"4":1,"5":1,"6":1,"7":1,"8":1,"9":1},"f":{},"b":{},"_coverageSchema":"1a1c01bbd47fc00a2c39e90264f33305004495a9","hash":"6b97c19cf0294330dc8b86c142b10d06a239eca0"}
,"C:\\Users\\HP\\Desktop\\Edviron\\Backend\\routes\\webhooks.js": {"path":"C:\\Users\\HP\\Desktop\\Edviron\\Backend\\routes\\webhooks.js","statementMap":{"0":{"start":{"line":1,"column":16},"end":{"line":1,"column":34}},"1":{"start":{"line":2,"column":15},"end":{"line":2,"column":31}},"2":{"start":{"line":3,"column":26},"end":{"line":3,"column":69}},"3":{"start":{"line":5,"column":0},"end":{"line":5,"column":32}},"4":{"start":{"line":7,"column":0},"end":{"line":7,"column":24}}},"fnMap":{},"branchMap":{},"s":{"0":1,"1":1,"2":1,"3":1,"4":1},"f":{},"b":{},"_coverageSchema":"1a1c01bbd47fc00a2c39e90264f33305004495a9","hash":"f305ad9ce8c6654cb977cdcd4a8e60893a81871b"}
,"C:\\Users\\HP\\Desktop\\Edviron\\Backend\\utils\\logger.js": {"path":"C:\\Users\\HP\\Desktop\\Edviron\\Backend\\utils\\logger.js","statementMap":{"0":{"start":{"line":1,"column":16},"end":{"line":1,"column":34}},"1":{"start":{"line":2,"column":13},"end":{"line":2,"column":28}},"2":{"start":{"line":5,"column":15},"end":{"line":11,"column":1}},"3":{"start":{"line":14,"column":15},"end":{"line":20,"column":1}},"4":{"start":{"line":22,"column":0},"end":{"line":22,"column":26}},"5":{"start":{"line":25,"column":15},"end":{"line":31,"column":1}},"6":{"start":{"line":29,"column":14},"end":{"line":29,"column":64}},"7":{"start":{"line":34,"column":19},"end":{"line":56,"column":1}},"8":{"start":{"line":59,"column":15},"end":{"line":64,"column":2}},"9":{"start":{"line":67,"column":11},"end":{"line":67,"column":24}},"10":{"start":{"line":68,"column":16},"end":{"line":68,"column":50}},"11":{"start":{"line":69,"column":0},"end":{"line":71,"column":1}},"12":{"start":{"line":70,"column":2},"end":{"line":70,"column":24}},"13":{"start":{"line":73,"column":0},"end":{"line":73,"column":24}}},"fnMap":{"0":{"name":"(anonymous_0)","decl":{"start":{"line":29,"column":4},"end":{"line":29,"column":5}},"loc":{"start":{"line":29,"column":14},"end":{"line":29,"column":64}},"line":29}},"branchMap":{"0":{"loc":{"start":{"line":60,"column":9},"end":{"line":60,"column":40}},"type":"binary-expr","locations":[{"start":{"line":60,"column":9},"end":{"line":60,"column":30}},{"start":{"line":60,"column":34},"end":{"line":60,"column":40}}],"line":60},"1":{"loc":{"start":{"line":69,"column":0},"end":{"line":71,"column":1}},"type":"if","locations":[{"start":{"line":69,"column":0},"end":{"line":71,"column":1}},{"start":{},"end":{}}],"line":69}},"s":{"0":1,"1":1,"2":1,"3":1,"4":1,"5":1,"6":3,"7":1,"8":1,"9":1,"10":1,"11":1,"12":0,"13":1},"f":{"0":3},"b":{"0":[1,0],"1":[0,1]},"_coverageSchema":"1a1c01bbd47fc00a2c39e90264f33305004495a9","hash":"6d474db96bedcb3bc40c4e07b4768cf7728d068d"}
}
